<?xml version="1.0" encoding="UTF-8"?>
<!-- Generated by org.testng.reporters.JUnitReportReporter -->
<testsuite skipped="0" hostname="LAPTOP-57KE3SH5" name="test.RemoveButtonTest" tests="1" failures="0" timestamp="28 Jun 2020 19:45:17 GMT" time="7.262" errors="0">
  <testcase name="UserShouldBeAbletoCheckCheckBox" time="7.262" classname="test.RemoveButtonTest"/>
</testsuite> <!-- test.RemoveButtonTest -->
