<?xml version="1.0" encoding="UTF-8"?>
<!-- Generated by org.testng.reporters.JUnitReportReporter -->
<testsuite skipped="0" hostname="LAPTOP-57KE3SH5" name="test.DropdownValidationTest" tests="1" failures="0" timestamp="28 Jun 2020 19:52:09 GMT" time="6.423" errors="0">
  <testcase name="UserShouldBeAbletoFindAllMonthsInDropdown" time="6.423" classname="test.DropdownValidationTest"/>
</testsuite> <!-- test.DropdownValidationTest -->
