<?xml version="1.0" encoding="UTF-8"?>
<!-- Generated by org.testng.reporters.JUnitReportReporter -->
<testsuite skipped="0" hostname="LAPTOP-57KE3SH5" name="test.test" tests="1" failures="0" timestamp="28 Jun 2020 00:51:28 GMT" time="6.588" errors="0">
  <testcase name="UserShouldBeAbletoCheckCheckBox" time="6.588" classname="test.test"/>
</testsuite> <!-- test.test -->
