<?xml version="1.0" encoding="UTF-8"?>
<!-- Generated by org.testng.reporters.JUnitReportReporter -->
<testsuite skipped="0" hostname="LAPTOP-57KE3SH5" name="test.CheckBoxTest" tests="1" failures="0" timestamp="06 Jul 2020 17:38:54 GMT" time="10.851" errors="0">
  <testcase name="UserShouldBeAbletoCheckCheckBox" time="10.851" classname="test.CheckBoxTest"/>
</testsuite> <!-- test.CheckBoxTest -->
