<?xml version="1.0" encoding="UTF-8"?>
<!-- Generated by org.testng.reporters.JUnitReportReporter -->
<testsuite skipped="0" hostname="LAPTOP-57KE3SH5" name="test.DuplicateCategoryTest" tests="1" failures="0" timestamp="28 Jun 2020 19:51:01 GMT" time="10.962" errors="0">
  <testcase name="UserShouldNotBeAbleToDuplicateSameCategory" time="10.962" classname="test.DuplicateCategoryTest"/>
</testsuite> <!-- test.DuplicateCategoryTest -->
