<?xml version="1.0" encoding="UTF-8"?>
<!-- Generated by org.testng.reporters.JUnitReportReporter -->
<testsuite skipped="0" hostname="LAPTOP-57KE3SH5" name="test.RemoveButtonTest" tests="1" failures="0" timestamp="06 Jul 2020 17:55:21 GMT" time="7.678" errors="0">
  <testcase name="UserShouldBeAbletoCheckCheckBox" time="7.678" classname="test.RemoveButtonTest"/>
</testsuite> <!-- test.RemoveButtonTest -->
