<?xml version="1.0" encoding="UTF-8"?>
<!-- Generated by org.testng.reporters.JUnitReportReporter -->
<testsuite skipped="0" hostname="LAPTOP-57KE3SH5" name="test.CheckBoxTest" tests="1" failures="0" timestamp="28 Jun 2020 19:54:35 GMT" time="6.426" errors="0">
  <testcase name="UserShouldBeAbletoCheckCheckBox" time="6.426" classname="test.CheckBoxTest"/>
</testsuite> <!-- test.CheckBoxTest -->
