<?xml version="1.0" encoding="UTF-8"?>
<!-- Generated by org.testng.reporters.JUnitReportReporter -->
<testsuite skipped="0" hostname="LAPTOP-57KE3SH5" name="test.CategoryTest" tests="1" failures="0" timestamp="28 Jun 2020 19:57:02 GMT" time="7.334" errors="0">
  <testcase name="UserShouldBeAbletoCheckCheckBox" time="7.334" classname="test.CategoryTest"/>
</testsuite> <!-- test.CategoryTest -->
