<?xml version="1.0" encoding="UTF-8"?>
<!-- Generated by org.testng.reporters.JUnitReportReporter -->
<testsuite skipped="0" hostname="LAPTOP-57KE3SH5" name="test.CheckBoxTestFull" tests="1" failures="0" timestamp="28 Jun 2020 18:57:23 GMT" time="2.112" errors="0">
  <testcase name="test" time="2.112" classname="test.CheckBoxTestFull"/>
</testsuite> <!-- test.CheckBoxTestFull -->
