<?xml version="1.0" encoding="UTF-8"?>
<!-- Generated by org.testng.reporters.JUnitReportReporter -->
<testsuite skipped="0" hostname="LAPTOP-57KE3SH5" name="test.BackgroundColorTest" tests="1" failures="0" timestamp="28 Jun 2020 19:43:51 GMT" time="6.930" errors="0">
  <testcase name="UserShouldBeAbletoFindAllMonthsInDropdown" time="6.930" classname="test.BackgroundColorTest"/>
</testsuite> <!-- test.BackgroundColorTest -->
